Vivado Simulator 2018.2
Copyright 1986-1999, 2001-2018 Xilinx, Inc. All Rights Reserved.
Running: C:/Users/godso/.Xilinx/Vivado/2018.2/bin/unwrapped/win64.o/xelab.exe -wto 133ee3e4c6114b4eaab0e455a23d851d --incr --debug typical --relax --mt 2 -L xil_defaultlib -L unisims_ver -L unimacro_ver -L secureip --snapshot tb_topmodule_behav xil_defaultlib.tb_topmodule xil_defaultlib.glbl -log elaborate.log 
Using 2 slave threads.
Starting static elaboration
Completed static elaboration
Starting simulation data flow analysis
Completed simulation data flow analysis
Time Resolution for simulation is 1ps
Compiling module xil_defaultlib.progcounter
Compiling module xil_defaultlib.instruction_mem
Compiling module xil_defaultlib.control_logic
Compiling module xil_defaultlib.alu_control
Compiling module xil_defaultlib.reg_file
Compiling module xil_defaultlib.immediate_gen
Compiling module xil_defaultlib.mux
Compiling module xil_defaultlib.alu
Compiling module xil_defaultlib.datamemory
Compiling module xil_defaultlib.fourby1mux
Compiling module xil_defaultlib.topmodule
Compiling module xil_defaultlib.tb_topmodule
Compiling module xil_defaultlib.glbl
Built simulation snapshot tb_topmodule_behav
