INFO: [VRFC 10-2263] Analyzing SystemVerilog file "C:/Users/godso/lmaibd/lmaibd.srcs/sources_1/new/adder.sv" into library xil_defaultlib
INFO: [VRFC 10-311] analyzing module adder
INFO: [VRFC 10-2263] Analyzing SystemVerilog file "C:/Users/godso/lmaibd/lmaibd.srcs/sources_1/new/alu.sv" into library xil_defaultlib
INFO: [VRFC 10-311] analyzing module alu
INFO: [VRFC 10-2263] Analyzing SystemVerilog file "C:/Users/godso/lmaibd/lmaibd.srcs/sources_1/new/alu_control.sv" into library xil_defaultlib
INFO: [VRFC 10-311] analyzing module alu_control
INFO: [VRFC 10-2263] Analyzing SystemVerilog file "C:/Users/godso/lmaibd/lmaibd.srcs/sources_1/new/control_logic.sv" into library xil_defaultlib
INFO: [VRFC 10-311] analyzing module control_logic
INFO: [VRFC 10-2263] Analyzing SystemVerilog file "C:/Users/godso/lmaibd/lmaibd.srcs/sources_1/new/datamemory.sv" into library xil_defaultlib
INFO: [VRFC 10-311] analyzing module datamemory
INFO: [VRFC 10-2263] Analyzing SystemVerilog file "C:/Users/godso/lmaibd/lmaibd.srcs/sources_1/new/fourby1mux.sv" into library xil_defaultlib
INFO: [VRFC 10-311] analyzing module fourby1mux
INFO: [VRFC 10-2263] Analyzing SystemVerilog file "C:/Users/godso/lmaibd/lmaibd.srcs/sources_1/new/immediate_gen.sv" into library xil_defaultlib
INFO: [VRFC 10-311] analyzing module immediate_gen
INFO: [VRFC 10-2263] Analyzing SystemVerilog file "C:/Users/godso/lmaibd/lmaibd.srcs/sources_1/new/instruction_mem.sv" into library xil_defaultlib
INFO: [VRFC 10-311] analyzing module instruction_mem
INFO: [VRFC 10-2263] Analyzing SystemVerilog file "C:/Users/godso/lmaibd/lmaibd.srcs/sources_1/new/mux.sv" into library xil_defaultlib
INFO: [VRFC 10-311] analyzing module mux
INFO: [VRFC 10-2263] Analyzing SystemVerilog file "C:/Users/godso/lmaibd/lmaibd.srcs/sources_1/new/progcounter.sv" into library xil_defaultlib
INFO: [VRFC 10-311] analyzing module progcounter
INFO: [VRFC 10-2263] Analyzing SystemVerilog file "C:/Users/godso/lmaibd/lmaibd.srcs/sources_1/new/reg_file.sv" into library xil_defaultlib
INFO: [VRFC 10-311] analyzing module reg_file
INFO: [VRFC 10-2263] Analyzing SystemVerilog file "C:/Users/godso/lmaibd/lmaibd.srcs/sources_1/new/topmodule.sv" into library xil_defaultlib
INFO: [VRFC 10-311] analyzing module topmodule
INFO: [VRFC 10-2263] Analyzing SystemVerilog file "C:/Users/godso/lmaibd/lmaibd.srcs/sim_1/new/tb_topmodule.sv" into library xil_defaultlib
INFO: [VRFC 10-311] analyzing module tb_topmodule
